Using pre-set license
Built from '2020.2/release' branch; Version is '2020.2.2f1 (068178b99f32) revision 426360'; Using compiler version '192528614'; Build Type 'Release'
OS: 'Windows 10 Home; OS build 19042.804; Version 2009; 64bit' Language: 'en' Physical Memory: 16251 MB
BatchMode: 1, IsHumanControllingUs: 0, StartBugReporterOnCrash: 0, Is64bit: 1, IsPro: 0

 COMMAND LINE ARGUMENTS:
C:\Program Files\Unity\Hub\Editor\2020.2.2f1\Editor\Unity.exe
-adb2
-batchMode
-noUpm
-name
AssetImportWorker0
-projectPath
C:/Users/daysf/OneDrive/Documenten/GitHub/INOUT/INOUT
-logFile
Logs/AssetImportWorker0.log
-srvPort
50189
Successfully changed project path to: C:/Users/daysf/OneDrive/Documenten/GitHub/INOUT/INOUT
C:/Users/daysf/OneDrive/Documenten/GitHub/INOUT/INOUT
Using Asset Import Pipeline V2.
Refreshing native plugins compatible for Editor in 60.51 ms, found 9 plugins.
Preloading 2 native plugins for Editor in 2.04 ms.
Initialize engine version: 2020.2.2f1 (068178b99f32)
[Subsystems] Discovering subsystems at path C:/Program Files/Unity/Hub/Editor/2020.2.2f1/Editor/Data/Resources/UnitySubsystems
[Subsystems] Discovering subsystems at path C:/Users/daysf/OneDrive/Documenten/GitHub/INOUT/INOUT/Assets
GfxDevice: creating device client; threaded=0
Direct3D:
    Version:  Direct3D 11.0 [level 11.1]
    Renderer: NVIDIA GeForce RTX 2060 (ID=0x1f15)
    Vendor:   
    VRAM:     5980 MB
    Driver:   27.21.14.6089
Initialize mono
Mono path[0] = 'C:/Program Files/Unity/Hub/Editor/2020.2.2f1/Editor/Data/Managed'
Mono path[1] = 'C:/Program Files/Unity/Hub/Editor/2020.2.2f1/Editor/Data/MonoBleedingEdge/lib/mono/unityjit'
Mono config path = 'C:/Program Files/Unity/Hub/Editor/2020.2.2f1/Editor/Data/MonoBleedingEdge/etc'
Using monoOptions --debugger-agent=transport=dt_socket,embedding=1,server=y,suspend=n,address=127.0.0.1:56784
Begin MonoManager ReloadAssembly
Registering precompiled unity dll's ...
Register platform support module: C:/Program Files/Unity/Hub/Editor/2020.2.2f1/Editor/Data/PlaybackEngines/WindowsStandaloneSupport/UnityEditor.WindowsStandalone.Extensions.dll
Registered in 0.002514 seconds.
Native extension for WindowsStandalone target not found
Refreshing native plugins compatible for Editor in 51.08 ms, found 9 plugins.
Preloading 2 native plugins for Editor in 0.36 ms.
Invoked RoslynAnalysisRunner static constructor.
RoslynAnalysisRunner will not be running.
RoslynAnalysisRunner has terminated.
Mono: successfully reloaded assembly
- Completed reload, in  2.430 seconds
Platform modules already initialized, skipping
Registering precompiled user dll's ...
Registered in 0.006432 seconds.
Begin MonoManager ReloadAssembly
Native extension for WindowsStandalone target not found
Refreshing native plugins compatible for Editor in 45.50 ms, found 9 plugins.
Preloading 2 native plugins for Editor in 0.14 ms.
Invoked RoslynAnalysisRunner static constructor.
RoslynAnalysisRunner will not be running.
RoslynAnalysisRunner has terminated.
[XR] OculusXRPlugin: registering subsystems
[XR] Unable to register display lifecyle provider: [1]
[XR] Oculus Input lifecycle provider registered.
[XR] Unable to register input lifecyle provider: [1]
NullReferenceException: Object reference not set to an instance of an object
  at Unity.XR.Oculus.OculusLoader.AssetPathToAbsolutePath (System.String assetPath) [0x00048] in C:\Users\daysf\OneDrive\Documenten\GitHub\INOUT\INOUT\Library\PackageCache\com.unity.xr.oculus@1.6.1\Runtime\OculusLoader.cs:242 
  at Unity.XR.Oculus.OculusLoader.EditorLoadOVRPlugin () [0x0007b] in C:\Users\daysf\OneDrive\Documenten\GitHub\INOUT\INOUT\Library\PackageCache\com.unity.xr.oculus@1.6.1\Runtime\OculusLoader.cs:227 

(Filename: Library/PackageCache/com.unity.xr.oculus@1.6.1/Runtime/OculusLoader.cs Line: 242)

Mono: successfully reloaded assembly
- Completed reload, in  1.309 seconds
Platform modules already initialized, skipping
========================================================================
Worker process is ready to serve import requests
Launched and connected shader compiler UnityShaderCompiler.exe after 0.05 seconds
Refreshing native plugins compatible for Editor in 0.59 ms, found 9 plugins.
Preloading 2 native plugins for Editor in 0.30 ms.
Unloading 1788 Unused Serialized files (Serialized files now loaded: 0)
System memory in use before: 80.0 MB.
System memory in use after: 80.0 MB.

Unloading 15 unused Assets to reduce memory usage. Loaded Objects now: 2230.
Total: 4.286400 ms (FindLiveObjects: 0.334100 ms CreateObjectMapping: 0.198200 ms MarkObjects: 3.623900 ms  DeleteObjects: 0.129100 ms)

========================================================================
Received Import Request.
  path: Assets/Scenes/Assets Test.unity
  artifactKey: Guid(99b0a3fb9148474479375d11f61fb398) Importer(815301076,1909f56bfc062723c751e8b465ee728b)
Start importing Assets/Scenes/Assets Test.unity using Guid(99b0a3fb9148474479375d11f61fb398) Importer(815301076,1909f56bfc062723c751e8b465ee728b)  -> (artifact id: 'f9330142dc4cf823148572e4b6f74663') in 0.018033 seconds
  Import took 0.021475 seconds .

========================================================================
Received Import Request.
  Time since last request: 1072.140292 seconds.
  path: Assets/Scripts
  artifactKey: Guid(02a3527b6b33a924e8ec66aa805ea717) Importer(815301076,1909f56bfc062723c751e8b465ee728b)
Start importing Assets/Scripts using Guid(02a3527b6b33a924e8ec66aa805ea717) Importer(815301076,1909f56bfc062723c751e8b465ee728b)  -> (artifact id: '924e43eeedbc414cd7a4a7272521ccfb') in 0.009704 seconds
  Import took 0.014586 seconds .

========================================================================
Received Import Request.
  Time since last request: 0.002124 seconds.
  path: Assets/Scripts
  artifactKey: Guid(02a3527b6b33a924e8ec66aa805ea717) Importer(815301076,1909f56bfc062723c751e8b465ee728b)
Start importing Assets/Scripts using Guid(02a3527b6b33a924e8ec66aa805ea717) Importer(815301076,1909f56bfc062723c751e8b465ee728b)  -> (artifact id: '924e43eeedbc414cd7a4a7272521ccfb') in 0.003574 seconds
  Import took 0.006849 seconds .

========================================================================
Received Import Request.
  Time since last request: 6.197341 seconds.
  path: Assets/Scripts/Lock
  artifactKey: Guid(7dc7422f681213247a2022d23616b7b0) Importer(815301076,1909f56bfc062723c751e8b465ee728b)
Start importing Assets/Scripts/Lock using Guid(7dc7422f681213247a2022d23616b7b0) Importer(815301076,1909f56bfc062723c751e8b465ee728b)  -> (artifact id: '27ebbc8b94b864f5f8f099c4f72ca9b3') in 0.010118 seconds
  Import took 0.014001 seconds .

========================================================================
Received Import Request.
  Time since last request: 13.180438 seconds.
  path: Assets/Scripts/Lock/Rotate.cs
  artifactKey: Guid(1ac53c6b23433394eb32283b9fa53d82) Importer(815301076,1909f56bfc062723c751e8b465ee728b)
Start importing Assets/Scripts/Lock/Rotate.cs using Guid(1ac53c6b23433394eb32283b9fa53d82) Importer(815301076,1909f56bfc062723c751e8b465ee728b)  -> (artifact id: '18a855624fac6b836927e350f882d4e4') in 0.033741 seconds
  Import took 0.037794 seconds .

========================================================================
Received Import Request.
  Time since last request: 0.025553 seconds.
  path: Assets/Scripts/Lock/Rotate.cs
  artifactKey: Guid(1ac53c6b23433394eb32283b9fa53d82) Importer(815301076,1909f56bfc062723c751e8b465ee728b)
Start importing Assets/Scripts/Lock/Rotate.cs using Guid(1ac53c6b23433394eb32283b9fa53d82) Importer(815301076,1909f56bfc062723c751e8b465ee728b)  -> (artifact id: '18a855624fac6b836927e350f882d4e4') in 0.003758 seconds
  Import took 0.006954 seconds .

========================================================================
Received Prepare
Registering precompiled user dll's ...
Registered in 0.563199 seconds.
Begin MonoManager ReloadAssembly
Native extension for WindowsStandalone target not found
Refreshing native plugins compatible for Editor in 0.55 ms, found 9 plugins.
Preloading 2 native plugins for Editor in 0.24 ms.
Invoked RoslynAnalysisRunner static constructor.
RoslynAnalysisRunner will not be running.
RoslynAnalysisRunner has terminated.
NullReferenceException: Object reference not set to an instance of an object
  at Unity.XR.Oculus.OculusLoader.AssetPathToAbsolutePath (System.String assetPath) [0x00048] in C:\Users\daysf\OneDrive\Documenten\GitHub\INOUT\INOUT\Library\PackageCache\com.unity.xr.oculus@1.6.1\Runtime\OculusLoader.cs:242 
  at Unity.XR.Oculus.OculusLoader.EditorLoadOVRPlugin () [0x0007b] in C:\Users\daysf\OneDrive\Documenten\GitHub\INOUT\INOUT\Library\PackageCache\com.unity.xr.oculus@1.6.1\Runtime\OculusLoader.cs:227 

(Filename: Library/PackageCache/com.unity.xr.oculus@1.6.1/Runtime/OculusLoader.cs Line: 242)

Mono: successfully reloaded assembly
- Completed reload, in  1.053 seconds
Platform modules already initialized, skipping
Refreshing native plugins compatible for Editor in 0.96 ms, found 9 plugins.
Preloading 2 native plugins for Editor in 0.23 ms.
Unloading 1752 Unused Serialized files (Serialized files now loaded: 0)
System memory in use before: 79.4 MB.
System memory in use after: 79.5 MB.

Unloading 8 unused Assets to reduce memory usage. Loaded Objects now: 2234.
Total: 2.712800 ms (FindLiveObjects: 0.320900 ms CreateObjectMapping: 0.094500 ms MarkObjects: 2.233700 ms  DeleteObjects: 0.062500 ms)

========================================================================
Received Import Request.
  Time since last request: 25.607630 seconds.
  path: Assets/Scripts/Lock/LockControl.cs
  artifactKey: Guid(da58290b5ec876646b64392a52716a66) Importer(815301076,1909f56bfc062723c751e8b465ee728b)
Start importing Assets/Scripts/Lock/LockControl.cs using Guid(da58290b5ec876646b64392a52716a66) Importer(815301076,1909f56bfc062723c751e8b465ee728b)  -> (artifact id: '698ed05642cae5422b5936288448ec94') in 0.012855 seconds
  Import took 0.016212 seconds .

========================================================================
Received Prepare
Registering precompiled user dll's ...
Registered in 0.011367 seconds.
Begin MonoManager ReloadAssembly
Native extension for WindowsStandalone target not found
Refreshing native plugins compatible for Editor in 0.56 ms, found 9 plugins.
Preloading 2 native plugins for Editor in 0.14 ms.
Invoked RoslynAnalysisRunner static constructor.
RoslynAnalysisRunner will not be running.
RoslynAnalysisRunner has terminated.
NullReferenceException: Object reference not set to an instance of an object
  at Unity.XR.Oculus.OculusLoader.AssetPathToAbsolutePath (System.String assetPath) [0x00048] in C:\Users\daysf\OneDrive\Documenten\GitHub\INOUT\INOUT\Library\PackageCache\com.unity.xr.oculus@1.6.1\Runtime\OculusLoader.cs:242 
  at Unity.XR.Oculus.OculusLoader.EditorLoadOVRPlugin () [0x0007b] in C:\Users\daysf\OneDrive\Documenten\GitHub\INOUT\INOUT\Library\PackageCache\com.unity.xr.oculus@1.6.1\Runtime\OculusLoader.cs:227 

(Filename: Library/PackageCache/com.unity.xr.oculus@1.6.1/Runtime/OculusLoader.cs Line: 242)

Mono: successfully reloaded assembly
- Completed reload, in  1.076 seconds
Platform modules already initialized, skipping
Refreshing native plugins compatible for Editor in 0.81 ms, found 9 plugins.
Preloading 2 native plugins for Editor in 0.31 ms.
Unloading 1753 Unused Serialized files (Serialized files now loaded: 0)
System memory in use before: 79.7 MB.
System memory in use after: 79.8 MB.

Unloading 8 unused Assets to reduce memory usage. Loaded Objects now: 2238.
Total: 4.120200 ms (FindLiveObjects: 0.362500 ms CreateObjectMapping: 0.134500 ms MarkObjects: 3.557700 ms  DeleteObjects: 0.063700 ms)

========================================================================
Received Prepare
Registering precompiled user dll's ...
Registered in 0.007316 seconds.
Begin MonoManager ReloadAssembly
Native extension for WindowsStandalone target not found
Refreshing native plugins compatible for Editor in 0.85 ms, found 9 plugins.
Preloading 2 native plugins for Editor in 0.31 ms.
Invoked RoslynAnalysisRunner static constructor.
RoslynAnalysisRunner will not be running.
RoslynAnalysisRunner has terminated.
NullReferenceException: Object reference not set to an instance of an object
  at Unity.XR.Oculus.OculusLoader.AssetPathToAbsolutePath (System.String assetPath) [0x00048] in C:\Users\daysf\OneDrive\Documenten\GitHub\INOUT\INOUT\Library\PackageCache\com.unity.xr.oculus@1.6.1\Runtime\OculusLoader.cs:242 
  at Unity.XR.Oculus.OculusLoader.EditorLoadOVRPlugin () [0x0007b] in C:\Users\daysf\OneDrive\Documenten\GitHub\INOUT\INOUT\Library\PackageCache\com.unity.xr.oculus@1.6.1\Runtime\OculusLoader.cs:227 

(Filename: Library/PackageCache/com.unity.xr.oculus@1.6.1/Runtime/OculusLoader.cs Line: 242)

Mono: successfully reloaded assembly
- Completed reload, in  1.169 seconds
Platform modules already initialized, skipping
Refreshing native plugins compatible for Editor in 0.76 ms, found 9 plugins.
Preloading 2 native plugins for Editor in 0.15 ms.
Unloading 1753 Unused Serialized files (Serialized files now loaded: 0)
System memory in use before: 79.9 MB.
System memory in use after: 79.9 MB.

Unloading 8 unused Assets to reduce memory usage. Loaded Objects now: 2241.
Total: 2.504900 ms (FindLiveObjects: 0.185500 ms CreateObjectMapping: 0.062600 ms MarkObjects: 2.132300 ms  DeleteObjects: 0.123500 ms)

========================================================================
Received Import Request.
  Time since last request: 679.392775 seconds.
  path: Assets/Scripts/Lock/Rotate.cs
  artifactKey: Guid(1ac53c6b23433394eb32283b9fa53d82) Importer(815301076,1909f56bfc062723c751e8b465ee728b)
Start importing Assets/Scripts/Lock/Rotate.cs using Guid(1ac53c6b23433394eb32283b9fa53d82) Importer(815301076,1909f56bfc062723c751e8b465ee728b)  -> (artifact id: 'a3b62804918aa11fb5ecdaa81c6f4b59') in 0.008458 seconds
  Import took 0.012420 seconds .

========================================================================
Received Prepare
Registering precompiled user dll's ...
Registered in 0.007736 seconds.
Begin MonoManager ReloadAssembly
Native extension for WindowsStandalone target not found
Refreshing native plugins compatible for Editor in 0.85 ms, found 9 plugins.
Preloading 2 native plugins for Editor in 0.33 ms.
Invoked RoslynAnalysisRunner static constructor.
RoslynAnalysisRunner will not be running.
RoslynAnalysisRunner has terminated.
NullReferenceException: Object reference not set to an instance of an object
  at Unity.XR.Oculus.OculusLoader.AssetPathToAbsolutePath (System.String assetPath) [0x00048] in C:\Users\daysf\OneDrive\Documenten\GitHub\INOUT\INOUT\Library\PackageCache\com.unity.xr.oculus@1.6.1\Runtime\OculusLoader.cs:242 
  at Unity.XR.Oculus.OculusLoader.EditorLoadOVRPlugin () [0x0007b] in C:\Users\daysf\OneDrive\Documenten\GitHub\INOUT\INOUT\Library\PackageCache\com.unity.xr.oculus@1.6.1\Runtime\OculusLoader.cs:227 

(Filename: Library/PackageCache/com.unity.xr.oculus@1.6.1/Runtime/OculusLoader.cs Line: 242)

Mono: successfully reloaded assembly
- Completed reload, in  1.316 seconds
Platform modules already initialized, skipping
Refreshing native plugins compatible for Editor in 1.00 ms, found 9 plugins.
Preloading 2 native plugins for Editor in 0.30 ms.
Unloading 1753 Unused Serialized files (Serialized files now loaded: 0)
System memory in use before: 80.0 MB.
System memory in use after: 80.1 MB.

Unloading 8 unused Assets to reduce memory usage. Loaded Objects now: 2244.
Total: 4.339100 ms (FindLiveObjects: 0.413500 ms CreateObjectMapping: 0.116000 ms MarkObjects: 3.708400 ms  DeleteObjects: 0.098600 ms)

========================================================================
Received Import Request.
  Time since last request: 645.845643 seconds.
  path: Assets/Scripts/Lock/LockControl.cs
  artifactKey: Guid(da58290b5ec876646b64392a52716a66) Importer(815301076,1909f56bfc062723c751e8b465ee728b)
Start importing Assets/Scripts/Lock/LockControl.cs using Guid(da58290b5ec876646b64392a52716a66) Importer(815301076,1909f56bfc062723c751e8b465ee728b)  -> (artifact id: 'e239f6bf446386ec499c8301989ddeb5') in 0.007464 seconds
  Import took 0.011652 seconds .

========================================================================
Received Prepare
Registering precompiled user dll's ...
Registered in 0.006961 seconds.
Begin MonoManager ReloadAssembly
Native extension for WindowsStandalone target not found
Refreshing native plugins compatible for Editor in 0.86 ms, found 9 plugins.
Preloading 2 native plugins for Editor in 0.25 ms.
Invoked RoslynAnalysisRunner static constructor.
RoslynAnalysisRunner will not be running.
RoslynAnalysisRunner has terminated.
NullReferenceException: Object reference not set to an instance of an object
  at Unity.XR.Oculus.OculusLoader.AssetPathToAbsolutePath (System.String assetPath) [0x00048] in C:\Users\daysf\OneDrive\Documenten\GitHub\INOUT\INOUT\Library\PackageCache\com.unity.xr.oculus@1.6.1\Runtime\OculusLoader.cs:242 
  at Unity.XR.Oculus.OculusLoader.EditorLoadOVRPlugin () [0x0007b] in C:\Users\daysf\OneDrive\Documenten\GitHub\INOUT\INOUT\Library\PackageCache\com.unity.xr.oculus@1.6.1\Runtime\OculusLoader.cs:227 

(Filename: Library/PackageCache/com.unity.xr.oculus@1.6.1/Runtime/OculusLoader.cs Line: 242)

Mono: successfully reloaded assembly
- Completed reload, in  1.294 seconds
Platform modules already initialized, skipping
Refreshing native plugins compatible for Editor in 0.76 ms, found 9 plugins.
Preloading 2 native plugins for Editor in 0.30 ms.
Unloading 1753 Unused Serialized files (Serialized files now loaded: 0)
System memory in use before: 80.2 MB.
System memory in use after: 80.3 MB.

Unloading 8 unused Assets to reduce memory usage. Loaded Objects now: 2247.
Total: 3.648600 ms (FindLiveObjects: 0.469600 ms CreateObjectMapping: 0.184300 ms MarkObjects: 2.865800 ms  DeleteObjects: 0.127300 ms)

========================================================================
Received Prepare
Registering precompiled user dll's ...
Registered in 0.006524 seconds.
Begin MonoManager ReloadAssembly
Native extension for WindowsStandalone target not found
Refreshing native plugins compatible for Editor in 0.75 ms, found 9 plugins.
Preloading 2 native plugins for Editor in 0.19 ms.
Invoked RoslynAnalysisRunner static constructor.
RoslynAnalysisRunner will not be running.
RoslynAnalysisRunner has terminated.
NullReferenceException: Object reference not set to an instance of an object
  at Unity.XR.Oculus.OculusLoader.AssetPathToAbsolutePath (System.String assetPath) [0x00048] in C:\Users\daysf\OneDrive\Documenten\GitHub\INOUT\INOUT\Library\PackageCache\com.unity.xr.oculus@1.6.1\Runtime\OculusLoader.cs:242 
  at Unity.XR.Oculus.OculusLoader.EditorLoadOVRPlugin () [0x0007b] in C:\Users\daysf\OneDrive\Documenten\GitHub\INOUT\INOUT\Library\PackageCache\com.unity.xr.oculus@1.6.1\Runtime\OculusLoader.cs:227 

(Filename: Library/PackageCache/com.unity.xr.oculus@1.6.1/Runtime/OculusLoader.cs Line: 242)

Mono: successfully reloaded assembly
- Completed reload, in  1.258 seconds
Platform modules already initialized, skipping
Refreshing native plugins compatible for Editor in 1.03 ms, found 9 plugins.
Preloading 2 native plugins for Editor in 0.21 ms.
Unloading 1753 Unused Serialized files (Serialized files now loaded: 0)
System memory in use before: 80.4 MB.
System memory in use after: 80.5 MB.

Unloading 8 unused Assets to reduce memory usage. Loaded Objects now: 2250.
Total: 2.664400 ms (FindLiveObjects: 0.443100 ms CreateObjectMapping: 0.160200 ms MarkObjects: 1.971400 ms  DeleteObjects: 0.088500 ms)

========================================================================
Received Prepare
Registering precompiled user dll's ...
Registered in 0.008650 seconds.
Begin MonoManager ReloadAssembly
Native extension for WindowsStandalone target not found
Refreshing native plugins compatible for Editor in 1.73 ms, found 9 plugins.
Preloading 2 native plugins for Editor in 0.30 ms.
Invoked RoslynAnalysisRunner static constructor.
RoslynAnalysisRunner will not be running.
RoslynAnalysisRunner has terminated.
NullReferenceException: Object reference not set to an instance of an object
  at Unity.XR.Oculus.OculusLoader.AssetPathToAbsolutePath (System.String assetPath) [0x00048] in C:\Users\daysf\OneDrive\Documenten\GitHub\INOUT\INOUT\Library\PackageCache\com.unity.xr.oculus@1.6.1\Runtime\OculusLoader.cs:242 
  at Unity.XR.Oculus.OculusLoader.EditorLoadOVRPlugin () [0x0007b] in C:\Users\daysf\OneDrive\Documenten\GitHub\INOUT\INOUT\Library\PackageCache\com.unity.xr.oculus@1.6.1\Runtime\OculusLoader.cs:227 

(Filename: Library/PackageCache/com.unity.xr.oculus@1.6.1/Runtime/OculusLoader.cs Line: 242)

Mono: successfully reloaded assembly
- Completed reload, in  1.250 seconds
Platform modules already initialized, skipping
Refreshing native plugins compatible for Editor in 0.59 ms, found 9 plugins.
Preloading 2 native plugins for Editor in 0.24 ms.
Unloading 1753 Unused Serialized files (Serialized files now loaded: 0)
System memory in use before: 80.6 MB.
System memory in use after: 80.7 MB.

Unloading 8 unused Assets to reduce memory usage. Loaded Objects now: 2253.
Total: 3.682600 ms (FindLiveObjects: 0.280700 ms CreateObjectMapping: 0.075700 ms MarkObjects: 3.216900 ms  DeleteObjects: 0.107100 ms)

========================================================================
Received Prepare
Registering precompiled user dll's ...
Registered in 0.011940 seconds.
Begin MonoManager ReloadAssembly
Native extension for WindowsStandalone target not found
Refreshing native plugins compatible for Editor in 0.92 ms, found 9 plugins.
Preloading 2 native plugins for Editor in 0.31 ms.
Invoked RoslynAnalysisRunner static constructor.
RoslynAnalysisRunner will not be running.
RoslynAnalysisRunner has terminated.
NullReferenceException: Object reference not set to an instance of an object
  at Unity.XR.Oculus.OculusLoader.AssetPathToAbsolutePath (System.String assetPath) [0x00048] in C:\Users\daysf\OneDrive\Documenten\GitHub\INOUT\INOUT\Library\PackageCache\com.unity.xr.oculus@1.6.1\Runtime\OculusLoader.cs:242 
  at Unity.XR.Oculus.OculusLoader.EditorLoadOVRPlugin () [0x0007b] in C:\Users\daysf\OneDrive\Documenten\GitHub\INOUT\INOUT\Library\PackageCache\com.unity.xr.oculus@1.6.1\Runtime\OculusLoader.cs:227 

(Filename: Library/PackageCache/com.unity.xr.oculus@1.6.1/Runtime/OculusLoader.cs Line: 242)

Mono: successfully reloaded assembly
- Completed reload, in  1.311 seconds
Platform modules already initialized, skipping
Refreshing native plugins compatible for Editor in 0.77 ms, found 9 plugins.
Preloading 2 native plugins for Editor in 0.21 ms.
Unloading 1753 Unused Serialized files (Serialized files now loaded: 0)
System memory in use before: 80.8 MB.
System memory in use after: 80.9 MB.

Unloading 8 unused Assets to reduce memory usage. Loaded Objects now: 2256.
Total: 3.441500 ms (FindLiveObjects: 0.564100 ms CreateObjectMapping: 0.280900 ms MarkObjects: 2.457200 ms  DeleteObjects: 0.119200 ms)

========================================================================
Received Prepare
Registering precompiled user dll's ...
Registered in 0.007690 seconds.
Begin MonoManager ReloadAssembly
Native extension for WindowsStandalone target not found
Refreshing native plugins compatible for Editor in 0.92 ms, found 9 plugins.
Preloading 2 native plugins for Editor in 0.30 ms.
Invoked RoslynAnalysisRunner static constructor.
RoslynAnalysisRunner will not be running.
RoslynAnalysisRunner has terminated.
NullReferenceException: Object reference not set to an instance of an object
  at Unity.XR.Oculus.OculusLoader.AssetPathToAbsolutePath (System.String assetPath) [0x00048] in C:\Users\daysf\OneDrive\Documenten\GitHub\INOUT\INOUT\Library\PackageCache\com.unity.xr.oculus@1.6.1\Runtime\OculusLoader.cs:242 
  at Unity.XR.Oculus.OculusLoader.EditorLoadOVRPlugin () [0x0007b] in C:\Users\daysf\OneDrive\Documenten\GitHub\INOUT\INOUT\Library\PackageCache\com.unity.xr.oculus@1.6.1\Runtime\OculusLoader.cs:227 

(Filename: Library/PackageCache/com.unity.xr.oculus@1.6.1/Runtime/OculusLoader.cs Line: 242)

Mono: successfully reloaded assembly
- Completed reload, in  1.233 seconds
Platform modules already initialized, skipping
Refreshing native plugins compatible for Editor in 1.09 ms, found 9 plugins.
Preloading 2 native plugins for Editor in 0.37 ms.
Unloading 1753 Unused Serialized files (Serialized files now loaded: 0)
System memory in use before: 80.9 MB.
System memory in use after: 81.0 MB.

Unloading 8 unused Assets to reduce memory usage. Loaded Objects now: 2259.
Total: 2.158500 ms (FindLiveObjects: 0.217000 ms CreateObjectMapping: 0.060200 ms MarkObjects: 1.833400 ms  DeleteObjects: 0.046900 ms)

========================================================================
Received Prepare
Registering precompiled user dll's ...
Registered in 0.008082 seconds.
Begin MonoManager ReloadAssembly
Native extension for WindowsStandalone target not found
Refreshing native plugins compatible for Editor in 1.02 ms, found 9 plugins.
Preloading 2 native plugins for Editor in 0.25 ms.
Invoked RoslynAnalysisRunner static constructor.
RoslynAnalysisRunner will not be running.
RoslynAnalysisRunner has terminated.
NullReferenceException: Object reference not set to an instance of an object
  at Unity.XR.Oculus.OculusLoader.AssetPathToAbsolutePath (System.String assetPath) [0x00048] in C:\Users\daysf\OneDrive\Documenten\GitHub\INOUT\INOUT\Library\PackageCache\com.unity.xr.oculus@1.6.1\Runtime\OculusLoader.cs:242 
  at Unity.XR.Oculus.OculusLoader.EditorLoadOVRPlugin () [0x0007b] in C:\Users\daysf\OneDrive\Documenten\GitHub\INOUT\INOUT\Library\PackageCache\com.unity.xr.oculus@1.6.1\Runtime\OculusLoader.cs:227 

(Filename: Library/PackageCache/com.unity.xr.oculus@1.6.1/Runtime/OculusLoader.cs Line: 242)

Mono: successfully reloaded assembly
- Completed reload, in  1.254 seconds
Platform modules already initialized, skipping
Refreshing native plugins compatible for Editor in 5.32 ms, found 9 plugins.
Preloading 2 native plugins for Editor in 0.42 ms.
Unloading 1753 Unused Serialized files (Serialized files now loaded: 0)
System memory in use before: 81.1 MB.
System memory in use after: 81.2 MB.

Unloading 8 unused Assets to reduce memory usage. Loaded Objects now: 2262.
Total: 4.330700 ms (FindLiveObjects: 0.420500 ms CreateObjectMapping: 0.259200 ms MarkObjects: 3.506100 ms  DeleteObjects: 0.143400 ms)

========================================================================
Received Prepare
Registering precompiled user dll's ...
Registered in 0.007996 seconds.
Begin MonoManager ReloadAssembly
Native extension for WindowsStandalone target not found
Refreshing native plugins compatible for Editor in 0.71 ms, found 9 plugins.
Preloading 2 native plugins for Editor in 0.40 ms.
Invoked RoslynAnalysisRunner static constructor.
RoslynAnalysisRunner will not be running.
RoslynAnalysisRunner has terminated.
NullReferenceException: Object reference not set to an instance of an object
  at Unity.XR.Oculus.OculusLoader.AssetPathToAbsolutePath (System.String assetPath) [0x00048] in C:\Users\daysf\OneDrive\Documenten\GitHub\INOUT\INOUT\Library\PackageCache\com.unity.xr.oculus@1.6.1\Runtime\OculusLoader.cs:242 
  at Unity.XR.Oculus.OculusLoader.EditorLoadOVRPlugin () [0x0007b] in C:\Users\daysf\OneDrive\Documenten\GitHub\INOUT\INOUT\Library\PackageCache\com.unity.xr.oculus@1.6.1\Runtime\OculusLoader.cs:227 

(Filename: Library/PackageCache/com.unity.xr.oculus@1.6.1/Runtime/OculusLoader.cs Line: 242)

Mono: successfully reloaded assembly
- Completed reload, in  1.302 seconds
Platform modules already initialized, skipping
Refreshing native plugins compatible for Editor in 0.83 ms, found 9 plugins.
Preloading 2 native plugins for Editor in 0.26 ms.
Unloading 1753 Unused Serialized files (Serialized files now loaded: 0)
System memory in use before: 81.3 MB.
System memory in use after: 81.3 MB.

Unloading 8 unused Assets to reduce memory usage. Loaded Objects now: 2265.
Total: 2.814300 ms (FindLiveObjects: 0.185000 ms CreateObjectMapping: 0.138800 ms MarkObjects: 2.383800 ms  DeleteObjects: 0.105300 ms)

========================================================================
Received Prepare
Registering precompiled user dll's ...
Registered in 0.008401 seconds.
Begin MonoManager ReloadAssembly
Native extension for WindowsStandalone target not found
Refreshing native plugins compatible for Editor in 0.72 ms, found 9 plugins.
Preloading 2 native plugins for Editor in 0.16 ms.
Invoked RoslynAnalysisRunner static constructor.
RoslynAnalysisRunner will not be running.
RoslynAnalysisRunner has terminated.
NullReferenceException: Object reference not set to an instance of an object
  at Unity.XR.Oculus.OculusLoader.AssetPathToAbsolutePath (System.String assetPath) [0x00048] in C:\Users\daysf\OneDrive\Documenten\GitHub\INOUT\INOUT\Library\PackageCache\com.unity.xr.oculus@1.6.1\Runtime\OculusLoader.cs:242 
  at Unity.XR.Oculus.OculusLoader.EditorLoadOVRPlugin () [0x0007b] in C:\Users\daysf\OneDrive\Documenten\GitHub\INOUT\INOUT\Library\PackageCache\com.unity.xr.oculus@1.6.1\Runtime\OculusLoader.cs:227 

(Filename: Library/PackageCache/com.unity.xr.oculus@1.6.1/Runtime/OculusLoader.cs Line: 242)

Mono: successfully reloaded assembly
- Completed reload, in  1.274 seconds
Platform modules already initialized, skipping
Refreshing native plugins compatible for Editor in 0.83 ms, found 9 plugins.
Preloading 2 native plugins for Editor in 0.18 ms.
Unloading 1753 Unused Serialized files (Serialized files now loaded: 0)
System memory in use before: 80.5 MB.
System memory in use after: 80.6 MB.

Unloading 8 unused Assets to reduce memory usage. Loaded Objects now: 2268.
Total: 3.583600 ms (FindLiveObjects: 0.455300 ms CreateObjectMapping: 0.121800 ms MarkObjects: 2.899600 ms  DeleteObjects: 0.105600 ms)

========================================================================
Received Prepare
Registering precompiled user dll's ...
Registered in 0.007013 seconds.
Begin MonoManager ReloadAssembly
Native extension for WindowsStandalone target not found
Refreshing native plugins compatible for Editor in 0.72 ms, found 9 plugins.
Preloading 2 native plugins for Editor in 0.23 ms.
Invoked RoslynAnalysisRunner static constructor.
RoslynAnalysisRunner will not be running.
RoslynAnalysisRunner has terminated.
NullReferenceException: Object reference not set to an instance of an object
  at Unity.XR.Oculus.OculusLoader.AssetPathToAbsolutePath (System.String assetPath) [0x00048] in C:\Users\daysf\OneDrive\Documenten\GitHub\INOUT\INOUT\Library\PackageCache\com.unity.xr.oculus@1.6.1\Runtime\OculusLoader.cs:242 
  at Unity.XR.Oculus.OculusLoader.EditorLoadOVRPlugin () [0x0007b] in C:\Users\daysf\OneDrive\Documenten\GitHub\INOUT\INOUT\Library\PackageCache\com.unity.xr.oculus@1.6.1\Runtime\OculusLoader.cs:227 

(Filename: Library/PackageCache/com.unity.xr.oculus@1.6.1/Runtime/OculusLoader.cs Line: 242)

Mono: successfully reloaded assembly
- Completed reload, in  1.254 seconds
Platform modules already initialized, skipping
Refreshing native plugins compatible for Editor in 0.73 ms, found 9 plugins.
Preloading 2 native plugins for Editor in 0.19 ms.
Unloading 1753 Unused Serialized files (Serialized files now loaded: 0)
System memory in use before: 80.6 MB.
System memory in use after: 80.7 MB.

Unloading 8 unused Assets to reduce memory usage. Loaded Objects now: 2271.
Total: 2.275800 ms (FindLiveObjects: 0.204300 ms CreateObjectMapping: 0.080700 ms MarkObjects: 1.927500 ms  DeleteObjects: 0.061900 ms)

========================================================================
Received Prepare
Registering precompiled user dll's ...
Registered in 0.007460 seconds.
Begin MonoManager ReloadAssembly
Native extension for WindowsStandalone target not found
Refreshing native plugins compatible for Editor in 0.47 ms, found 9 plugins.
Preloading 2 native plugins for Editor in 0.14 ms.
Invoked RoslynAnalysisRunner static constructor.
RoslynAnalysisRunner will not be running.
RoslynAnalysisRunner has terminated.
NullReferenceException: Object reference not set to an instance of an object
  at Unity.XR.Oculus.OculusLoader.AssetPathToAbsolutePath (System.String assetPath) [0x00048] in C:\Users\daysf\OneDrive\Documenten\GitHub\INOUT\INOUT\Library\PackageCache\com.unity.xr.oculus@1.6.1\Runtime\OculusLoader.cs:242 
  at Unity.XR.Oculus.OculusLoader.EditorLoadOVRPlugin () [0x0007b] in C:\Users\daysf\OneDrive\Documenten\GitHub\INOUT\INOUT\Library\PackageCache\com.unity.xr.oculus@1.6.1\Runtime\OculusLoader.cs:227 

(Filename: Library/PackageCache/com.unity.xr.oculus@1.6.1/Runtime/OculusLoader.cs Line: 242)

Mono: successfully reloaded assembly
- Completed reload, in  1.129 seconds
Platform modules already initialized, skipping
Refreshing native plugins compatible for Editor in 0.81 ms, found 9 plugins.
Preloading 2 native plugins for Editor in 0.22 ms.
Unloading 1753 Unused Serialized files (Serialized files now loaded: 0)
System memory in use before: 80.8 MB.
System memory in use after: 80.9 MB.

Unloading 8 unused Assets to reduce memory usage. Loaded Objects now: 2274.
Total: 4.243200 ms (FindLiveObjects: 0.359900 ms CreateObjectMapping: 0.285000 ms MarkObjects: 3.496700 ms  DeleteObjects: 0.100100 ms)

========================================================================
Received Import Request.
  Time since last request: 829.223268 seconds.
  path: Assets/Scenes/Assets Test.unity
  artifactKey: Guid(99b0a3fb9148474479375d11f61fb398) Importer(815301076,1909f56bfc062723c751e8b465ee728b)
Start importing Assets/Scenes/Assets Test.unity using Guid(99b0a3fb9148474479375d11f61fb398) Importer(815301076,1909f56bfc062723c751e8b465ee728b)  -> (artifact id: '8b5bd8aae2c4f9a0fbb0232bf63af3d5') in 0.020315 seconds
  Import took 0.023946 seconds .

========================================================================
Received Import Request.
  Time since last request: 16.045691 seconds.
  path: Assets/Scenes/Lock.unity
  artifactKey: Guid(99b0a3fb9148474479375d11f61fb398) Importer(815301076,1909f56bfc062723c751e8b465ee728b)
Start importing Assets/Scenes/Lock.unity using Guid(99b0a3fb9148474479375d11f61fb398) Importer(815301076,1909f56bfc062723c751e8b465ee728b)  -> (artifact id: 'da8e94f1a4ad01aa04a2a3086e6189ab') in 0.010177 seconds
  Import took 0.013227 seconds .

========================================================================
Received Import Request.
  Time since last request: 318.156740 seconds.
  path: Assets/Scenes/LightSwitch.unity
  artifactKey: Guid(18d398b2457cd8f4fbea762c0dccaa42) Importer(815301076,1909f56bfc062723c751e8b465ee728b)
Start importing Assets/Scenes/LightSwitch.unity using Guid(18d398b2457cd8f4fbea762c0dccaa42) Importer(815301076,1909f56bfc062723c751e8b465ee728b)  -> (artifact id: '8ba81c4dbbe17b3aac488f06037dc8a7') in 0.009811 seconds
  Import took 0.014663 seconds .

========================================================================
Received Import Request.
  Time since last request: 365.995539 seconds.
  path: Assets/Scripts/LightSwitch
  artifactKey: Guid(38e0b6c8390d2da42abfd3c1a0ac8b67) Importer(815301076,1909f56bfc062723c751e8b465ee728b)
Start importing Assets/Scripts/LightSwitch using Guid(38e0b6c8390d2da42abfd3c1a0ac8b67) Importer(815301076,1909f56bfc062723c751e8b465ee728b)  -> (artifact id: '233ea30fcef16aa3981da3c535a80040') in 0.009007 seconds
  Import took 0.012621 seconds .

========================================================================
Received Import Request.
  Time since last request: 7.470303 seconds.
  path: Assets/Scripts/LightSwitch/NewBehaviourScript.cs
  artifactKey: Guid(0ffb6153e5e9ecb45bc76e18310884d0) Importer(815301076,1909f56bfc062723c751e8b465ee728b)
Start importing Assets/Scripts/LightSwitch/NewBehaviourScript.cs using Guid(0ffb6153e5e9ecb45bc76e18310884d0) Importer(815301076,1909f56bfc062723c751e8b465ee728b)  -> (artifact id: '172746455a5c02523a1b45d24d24b6e8') in 0.009469 seconds
  Import took 0.013134 seconds .

========================================================================
Received Prepare
Registering precompiled user dll's ...
Registered in 0.010001 seconds.
Begin MonoManager ReloadAssembly
Native extension for WindowsStandalone target not found
Refreshing native plugins compatible for Editor in 0.66 ms, found 9 plugins.
Preloading 2 native plugins for Editor in 0.22 ms.
Invoked RoslynAnalysisRunner static constructor.
RoslynAnalysisRunner will not be running.
RoslynAnalysisRunner has terminated.
NullReferenceException: Object reference not set to an instance of an object
  at Unity.XR.Oculus.OculusLoader.AssetPathToAbsolutePath (System.String assetPath) [0x00048] in C:\Users\daysf\OneDrive\Documenten\GitHub\INOUT\INOUT\Library\PackageCache\com.unity.xr.oculus@1.6.1\Runtime\OculusLoader.cs:242 
  at Unity.XR.Oculus.OculusLoader.EditorLoadOVRPlugin () [0x0007b] in C:\Users\daysf\OneDrive\Documenten\GitHub\INOUT\INOUT\Library\PackageCache\com.unity.xr.oculus@1.6.1\Runtime\OculusLoader.cs:227 

(Filename: Library/PackageCache/com.unity.xr.oculus@1.6.1/Runtime/OculusLoader.cs Line: 242)

Mono: successfully reloaded assembly
- Completed reload, in  1.212 seconds
Platform modules already initialized, skipping
Refreshing native plugins compatible for Editor in 0.64 ms, found 9 plugins.
Preloading 2 native plugins for Editor in 0.18 ms.
Unloading 1753 Unused Serialized files (Serialized files now loaded: 0)
System memory in use before: 81.0 MB.
System memory in use after: 81.1 MB.

Unloading 8 unused Assets to reduce memory usage. Loaded Objects now: 2277.
Total: 2.695800 ms (FindLiveObjects: 0.200000 ms CreateObjectMapping: 0.078300 ms MarkObjects: 2.258600 ms  DeleteObjects: 0.157800 ms)

========================================================================
Received Import Request.
  Time since last request: 42.131865 seconds.
  path: Assets/Scripts/LightSwitch/LightSwitch.cs
  artifactKey: Guid(5a92e2c79184bc3469ba45ca7572bc2c) Importer(815301076,1909f56bfc062723c751e8b465ee728b)
Start importing Assets/Scripts/LightSwitch/LightSwitch.cs using Guid(5a92e2c79184bc3469ba45ca7572bc2c) Importer(815301076,1909f56bfc062723c751e8b465ee728b)  -> (artifact id: '66b0628c92e8ec811bec124a68438a5b') in 0.013188 seconds
  Import took 0.016822 seconds .

========================================================================
Received Import Request.
  Time since last request: 0.015270 seconds.
  path: Assets/Scripts/LightSwitch/LightSwitch.cs
  artifactKey: Guid(5a92e2c79184bc3469ba45ca7572bc2c) Importer(815301076,1909f56bfc062723c751e8b465ee728b)
Start importing Assets/Scripts/LightSwitch/LightSwitch.cs using Guid(5a92e2c79184bc3469ba45ca7572bc2c) Importer(815301076,1909f56bfc062723c751e8b465ee728b)  -> (artifact id: '66b0628c92e8ec811bec124a68438a5b') in 0.005979 seconds
  Import took 0.009604 seconds .

========================================================================
Received Prepare
Registering precompiled user dll's ...
Registered in 0.007483 seconds.
Begin MonoManager ReloadAssembly
Native extension for WindowsStandalone target not found
Refreshing native plugins compatible for Editor in 0.54 ms, found 9 plugins.
Preloading 2 native plugins for Editor in 0.28 ms.
Invoked RoslynAnalysisRunner static constructor.
RoslynAnalysisRunner will not be running.
RoslynAnalysisRunner has terminated.
NullReferenceException: Object reference not set to an instance of an object
  at Unity.XR.Oculus.OculusLoader.AssetPathToAbsolutePath (System.String assetPath) [0x00048] in C:\Users\daysf\OneDrive\Documenten\GitHub\INOUT\INOUT\Library\PackageCache\com.unity.xr.oculus@1.6.1\Runtime\OculusLoader.cs:242 
  at Unity.XR.Oculus.OculusLoader.EditorLoadOVRPlugin () [0x0007b] in C:\Users\daysf\OneDrive\Documenten\GitHub\INOUT\INOUT\Library\PackageCache\com.unity.xr.oculus@1.6.1\Runtime\OculusLoader.cs:227 

(Filename: Library/PackageCache/com.unity.xr.oculus@1.6.1/Runtime/OculusLoader.cs Line: 242)

Mono: successfully reloaded assembly
- Completed reload, in  1.149 seconds
Platform modules already initialized, skipping
Refreshing native plugins compatible for Editor in 0.67 ms, found 9 plugins.
Preloading 2 native plugins for Editor in 0.24 ms.
Unloading 1754 Unused Serialized files (Serialized files now loaded: 0)
System memory in use before: 81.2 MB.
System memory in use after: 81.3 MB.

Unloading 8 unused Assets to reduce memory usage. Loaded Objects now: 2281.
Total: 2.738300 ms (FindLiveObjects: 0.300900 ms CreateObjectMapping: 0.130000 ms MarkObjects: 2.227800 ms  DeleteObjects: 0.078300 ms)

========================================================================
Received Prepare
Registering precompiled user dll's ...
Registered in 0.007676 seconds.
Begin MonoManager ReloadAssembly
Native extension for WindowsStandalone target not found
Refreshing native plugins compatible for Editor in 0.50 ms, found 9 plugins.
Preloading 2 native plugins for Editor in 0.19 ms.
Invoked RoslynAnalysisRunner static constructor.
RoslynAnalysisRunner will not be running.
RoslynAnalysisRunner has terminated.
NullReferenceException: Object reference not set to an instance of an object
  at Unity.XR.Oculus.OculusLoader.AssetPathToAbsolutePath (System.String assetPath) [0x00048] in C:\Users\daysf\OneDrive\Documenten\GitHub\INOUT\INOUT\Library\PackageCache\com.unity.xr.oculus@1.6.1\Runtime\OculusLoader.cs:242 
  at Unity.XR.Oculus.OculusLoader.EditorLoadOVRPlugin () [0x0007b] in C:\Users\daysf\OneDrive\Documenten\GitHub\INOUT\INOUT\Library\PackageCache\com.unity.xr.oculus@1.6.1\Runtime\OculusLoader.cs:227 

(Filename: Library/PackageCache/com.unity.xr.oculus@1.6.1/Runtime/OculusLoader.cs Line: 242)

Mono: successfully reloaded assembly
- Completed reload, in  0.988 seconds
Platform modules already initialized, skipping
Refreshing native plugins compatible for Editor in 0.58 ms, found 9 plugins.
Preloading 2 native plugins for Editor in 0.23 ms.
Unloading 1754 Unused Serialized files (Serialized files now loaded: 0)
System memory in use before: 81.3 MB.
System memory in use after: 81.4 MB.

Unloading 8 unused Assets to reduce memory usage. Loaded Objects now: 2284.
Total: 3.346600 ms (FindLiveObjects: 0.512100 ms CreateObjectMapping: 0.111500 ms MarkObjects: 2.633300 ms  DeleteObjects: 0.088200 ms)

========================================================================
Received Import Request.
  Time since last request: 327.636350 seconds.
  path: Assets/Scripts/LightSwitch/LightSwitch.cs
  artifactKey: Guid(5a92e2c79184bc3469ba45ca7572bc2c) Importer(815301076,1909f56bfc062723c751e8b465ee728b)
Start importing Assets/Scripts/LightSwitch/LightSwitch.cs using Guid(5a92e2c79184bc3469ba45ca7572bc2c) Importer(815301076,1909f56bfc062723c751e8b465ee728b)  -> (artifact id: 'b62b39afe419c3814d182b00929bd505') in 0.008131 seconds
  Import took 0.012009 seconds .

========================================================================
Received Prepare
Registering precompiled user dll's ...
Registered in 0.010544 seconds.
Begin MonoManager ReloadAssembly
Native extension for WindowsStandalone target not found
Refreshing native plugins compatible for Editor in 0.48 ms, found 9 plugins.
Preloading 2 native plugins for Editor in 0.14 ms.
Invoked RoslynAnalysisRunner static constructor.
RoslynAnalysisRunner will not be running.
RoslynAnalysisRunner has terminated.
NullReferenceException: Object reference not set to an instance of an object
  at Unity.XR.Oculus.OculusLoader.AssetPathToAbsolutePath (System.String assetPath) [0x00048] in C:\Users\daysf\OneDrive\Documenten\GitHub\INOUT\INOUT\Library\PackageCache\com.unity.xr.oculus@1.6.1\Runtime\OculusLoader.cs:242 
  at Unity.XR.Oculus.OculusLoader.EditorLoadOVRPlugin () [0x0007b] in C:\Users\daysf\OneDrive\Documenten\GitHub\INOUT\INOUT\Library\PackageCache\com.unity.xr.oculus@1.6.1\Runtime\OculusLoader.cs:227 

(Filename: Library/PackageCache/com.unity.xr.oculus@1.6.1/Runtime/OculusLoader.cs Line: 242)

Mono: successfully reloaded assembly
- Completed reload, in  0.988 seconds
Platform modules already initialized, skipping
Refreshing native plugins compatible for Editor in 0.70 ms, found 9 plugins.
Preloading 2 native plugins for Editor in 0.21 ms.
Unloading 1754 Unused Serialized files (Serialized files now loaded: 0)
System memory in use before: 80.6 MB.
System memory in use after: 80.7 MB.

Unloading 8 unused Assets to reduce memory usage. Loaded Objects now: 2287.
Total: 2.396200 ms (FindLiveObjects: 0.216600 ms CreateObjectMapping: 0.090900 ms MarkObjects: 2.025300 ms  DeleteObjects: 0.062000 ms)

========================================================================
Received Import Request.
  Time since last request: 330.335684 seconds.
  path: ProjectSettings/TagManager.asset
  artifactKey: Guid(00000000000000003000000000000000) Importer(815301076,1909f56bfc062723c751e8b465ee728b)
Start importing ProjectSettings/TagManager.asset using Guid(00000000000000003000000000000000) Importer(815301076,1909f56bfc062723c751e8b465ee728b)  -> (artifact id: '95411971f730e82f0bbbd23a4f13c4b5') in 0.025276 seconds
  Import took 0.029679 seconds .

========================================================================
Received Import Request.
  Time since last request: 0.002053 seconds.
  path: ProjectSettings/TagManager.asset
  artifactKey: Guid(00000000000000003000000000000000) Importer(815301076,1909f56bfc062723c751e8b465ee728b)
Start importing ProjectSettings/TagManager.asset using Guid(00000000000000003000000000000000) Importer(815301076,1909f56bfc062723c751e8b465ee728b)  -> (artifact id: '95411971f730e82f0bbbd23a4f13c4b5') in 0.006342 seconds
  Import took 0.009842 seconds .

========================================================================
Received Import Request.
  Time since last request: 15.032284 seconds.
  path: Assets/Prefabs/Hands.prefab
  artifactKey: Guid(dd869a153763791459aedaed1367ddb9) Importer(815301076,1909f56bfc062723c751e8b465ee728b)
Start importing Assets/Prefabs/Hands.prefab using Guid(dd869a153763791459aedaed1367ddb9) Importer(815301076,1909f56bfc062723c751e8b465ee728b)  -> (artifact id: '4f760610d6af9a73b1e57586466cd55c') in 0.118401 seconds
  Import took 0.122433 seconds .

========================================================================
Received Prepare
Registering precompiled user dll's ...
Registered in 0.008137 seconds.
Begin MonoManager ReloadAssembly
Native extension for WindowsStandalone target not found
Refreshing native plugins compatible for Editor in 0.66 ms, found 9 plugins.
Preloading 2 native plugins for Editor in 0.24 ms.
Invoked RoslynAnalysisRunner static constructor.
RoslynAnalysisRunner will not be running.
RoslynAnalysisRunner has terminated.
NullReferenceException: Object reference not set to an instance of an object
  at Unity.XR.Oculus.OculusLoader.AssetPathToAbsolutePath (System.String assetPath) [0x00048] in C:\Users\daysf\OneDrive\Documenten\GitHub\INOUT\INOUT\Library\PackageCache\com.unity.xr.oculus@1.6.1\Runtime\OculusLoader.cs:242 
  at Unity.XR.Oculus.OculusLoader.EditorLoadOVRPlugin () [0x0007b] in C:\Users\daysf\OneDrive\Documenten\GitHub\INOUT\INOUT\Library\PackageCache\com.unity.xr.oculus@1.6.1\Runtime\OculusLoader.cs:227 

(Filename: Library/PackageCache/com.unity.xr.oculus@1.6.1/Runtime/OculusLoader.cs Line: 242)

Mono: successfully reloaded assembly
- Completed reload, in  1.052 seconds
Platform modules already initialized, skipping
Refreshing native plugins compatible for Editor in 0.55 ms, found 9 plugins.
Preloading 2 native plugins for Editor in 0.15 ms.
Unloading 1754 Unused Serialized files (Serialized files now loaded: 0)
System memory in use before: 83.9 MB.
System memory in use after: 84.0 MB.

Unloading 11 unused Assets to reduce memory usage. Loaded Objects now: 2298.
Total: 2.572900 ms (FindLiveObjects: 0.392300 ms CreateObjectMapping: 0.138000 ms MarkObjects: 1.978000 ms  DeleteObjects: 0.062800 ms)

========================================================================
Received Prepare
Registering precompiled user dll's ...
Registered in 0.007594 seconds.
Begin MonoManager ReloadAssembly
Native extension for WindowsStandalone target not found
Refreshing native plugins compatible for Editor in 0.50 ms, found 9 plugins.
Preloading 2 native plugins for Editor in 0.14 ms.
Invoked RoslynAnalysisRunner static constructor.
RoslynAnalysisRunner will not be running.
RoslynAnalysisRunner has terminated.
NullReferenceException: Object reference not set to an instance of an object
  at Unity.XR.Oculus.OculusLoader.AssetPathToAbsolutePath (System.String assetPath) [0x00048] in C:\Users\daysf\OneDrive\Documenten\GitHub\INOUT\INOUT\Library\PackageCache\com.unity.xr.oculus@1.6.1\Runtime\OculusLoader.cs:242 
  at Unity.XR.Oculus.OculusLoader.EditorLoadOVRPlugin () [0x0007b] in C:\Users\daysf\OneDrive\Documenten\GitHub\INOUT\INOUT\Library\PackageCache\com.unity.xr.oculus@1.6.1\Runtime\OculusLoader.cs:227 

(Filename: Library/PackageCache/com.unity.xr.oculus@1.6.1/Runtime/OculusLoader.cs Line: 242)

Mono: successfully reloaded assembly
- Completed reload, in  1.095 seconds
Platform modules already initialized, skipping
Refreshing native plugins compatible for Editor in 0.59 ms, found 9 plugins.
Preloading 2 native plugins for Editor in 0.13 ms.
Unloading 1754 Unused Serialized files (Serialized files now loaded: 0)
System memory in use before: 84.0 MB.
System memory in use after: 84.1 MB.

Unloading 8 unused Assets to reduce memory usage. Loaded Objects now: 2301.
Total: 3.938300 ms (FindLiveObjects: 0.218500 ms CreateObjectMapping: 0.087700 ms MarkObjects: 3.553600 ms  DeleteObjects: 0.076500 ms)

========================================================================
Received Prepare
Registering precompiled user dll's ...
Registered in 0.008026 seconds.
Begin MonoManager ReloadAssembly
Native extension for WindowsStandalone target not found
Refreshing native plugins compatible for Editor in 0.69 ms, found 9 plugins.
Preloading 2 native plugins for Editor in 0.22 ms.
Invoked RoslynAnalysisRunner static constructor.
RoslynAnalysisRunner will not be running.
RoslynAnalysisRunner has terminated.
NullReferenceException: Object reference not set to an instance of an object
  at Unity.XR.Oculus.OculusLoader.AssetPathToAbsolutePath (System.String assetPath) [0x00048] in C:\Users\daysf\OneDrive\Documenten\GitHub\INOUT\INOUT\Library\PackageCache\com.unity.xr.oculus@1.6.1\Runtime\OculusLoader.cs:242 
  at Unity.XR.Oculus.OculusLoader.EditorLoadOVRPlugin () [0x0007b] in C:\Users\daysf\OneDrive\Documenten\GitHub\INOUT\INOUT\Library\PackageCache\com.unity.xr.oculus@1.6.1\Runtime\OculusLoader.cs:227 

(Filename: Library/PackageCache/com.unity.xr.oculus@1.6.1/Runtime/OculusLoader.cs Line: 242)

Mono: successfully reloaded assembly
- Completed reload, in  1.131 seconds
Platform modules already initialized, skipping
Refreshing native plugins compatible for Editor in 0.69 ms, found 9 plugins.
Preloading 2 native plugins for Editor in 0.25 ms.
Unloading 1754 Unused Serialized files (Serialized files now loaded: 0)
System memory in use before: 84.2 MB.
System memory in use after: 84.3 MB.

Unloading 8 unused Assets to reduce memory usage. Loaded Objects now: 2304.
Total: 3.960900 ms (FindLiveObjects: 0.382900 ms CreateObjectMapping: 0.091200 ms MarkObjects: 3.427600 ms  DeleteObjects: 0.058100 ms)

========================================================================
Received Prepare
Registering precompiled user dll's ...
Registered in 0.008672 seconds.
Begin MonoManager ReloadAssembly
Native extension for WindowsStandalone target not found
Refreshing native plugins compatible for Editor in 0.51 ms, found 9 plugins.
Preloading 2 native plugins for Editor in 0.27 ms.
Invoked RoslynAnalysisRunner static constructor.
RoslynAnalysisRunner will not be running.
RoslynAnalysisRunner has terminated.
NullReferenceException: Object reference not set to an instance of an object
  at Unity.XR.Oculus.OculusLoader.AssetPathToAbsolutePath (System.String assetPath) [0x00048] in C:\Users\daysf\OneDrive\Documenten\GitHub\INOUT\INOUT\Library\PackageCache\com.unity.xr.oculus@1.6.1\Runtime\OculusLoader.cs:242 
  at Unity.XR.Oculus.OculusLoader.EditorLoadOVRPlugin () [0x0007b] in C:\Users\daysf\OneDrive\Documenten\GitHub\INOUT\INOUT\Library\PackageCache\com.unity.xr.oculus@1.6.1\Runtime\OculusLoader.cs:227 

(Filename: Library/PackageCache/com.unity.xr.oculus@1.6.1/Runtime/OculusLoader.cs Line: 242)

Mono: successfully reloaded assembly
- Completed reload, in  1.094 seconds
Platform modules already initialized, skipping
Refreshing native plugins compatible for Editor in 0.89 ms, found 9 plugins.
Preloading 2 native plugins for Editor in 0.14 ms.
Unloading 1754 Unused Serialized files (Serialized files now loaded: 0)
System memory in use before: 84.4 MB.
System memory in use after: 84.5 MB.

Unloading 8 unused Assets to reduce memory usage. Loaded Objects now: 2307.
Total: 3.602600 ms (FindLiveObjects: 0.394500 ms CreateObjectMapping: 0.151800 ms MarkObjects: 2.953100 ms  DeleteObjects: 0.102200 ms)

========================================================================
Received Prepare
Registering precompiled user dll's ...
Registered in 0.009661 seconds.
Begin MonoManager ReloadAssembly
Native extension for WindowsStandalone target not found
Refreshing native plugins compatible for Editor in 0.46 ms, found 9 plugins.
Preloading 2 native plugins for Editor in 0.13 ms.
Invoked RoslynAnalysisRunner static constructor.
RoslynAnalysisRunner will not be running.
RoslynAnalysisRunner has terminated.
NullReferenceException: Object reference not set to an instance of an object
  at Unity.XR.Oculus.OculusLoader.AssetPathToAbsolutePath (System.String assetPath) [0x00048] in C:\Users\daysf\OneDrive\Documenten\GitHub\INOUT\INOUT\Library\PackageCache\com.unity.xr.oculus@1.6.1\Runtime\OculusLoader.cs:242 
  at Unity.XR.Oculus.OculusLoader.EditorLoadOVRPlugin () [0x0007b] in C:\Users\daysf\OneDrive\Documenten\GitHub\INOUT\INOUT\Library\PackageCache\com.unity.xr.oculus@1.6.1\Runtime\OculusLoader.cs:227 

(Filename: Library/PackageCache/com.unity.xr.oculus@1.6.1/Runtime/OculusLoader.cs Line: 242)

Mono: successfully reloaded assembly
- Completed reload, in  1.032 seconds
Platform modules already initialized, skipping
Refreshing native plugins compatible for Editor in 0.77 ms, found 9 plugins.
Preloading 2 native plugins for Editor in 0.20 ms.
Unloading 1754 Unused Serialized files (Serialized files now loaded: 0)
System memory in use before: 84.5 MB.
System memory in use after: 84.6 MB.

Unloading 8 unused Assets to reduce memory usage. Loaded Objects now: 2310.
Total: 3.600100 ms (FindLiveObjects: 0.391000 ms CreateObjectMapping: 0.127400 ms MarkObjects: 2.964000 ms  DeleteObjects: 0.116500 ms)

========================================================================
Received Prepare
Registering precompiled user dll's ...
Registered in 0.007603 seconds.
Begin MonoManager ReloadAssembly
Native extension for WindowsStandalone target not found
Refreshing native plugins compatible for Editor in 1.07 ms, found 9 plugins.
Preloading 2 native plugins for Editor in 0.21 ms.
Invoked RoslynAnalysisRunner static constructor.
RoslynAnalysisRunner will not be running.
RoslynAnalysisRunner has terminated.
NullReferenceException: Object reference not set to an instance of an object
  at Unity.XR.Oculus.OculusLoader.AssetPathToAbsolutePath (System.String assetPath) [0x00048] in C:\Users\daysf\OneDrive\Documenten\GitHub\INOUT\INOUT\Library\PackageCache\com.unity.xr.oculus@1.6.1\Runtime\OculusLoader.cs:242 
  at Unity.XR.Oculus.OculusLoader.EditorLoadOVRPlugin () [0x0007b] in C:\Users\daysf\OneDrive\Documenten\GitHub\INOUT\INOUT\Library\PackageCache\com.unity.xr.oculus@1.6.1\Runtime\OculusLoader.cs:227 

(Filename: Library/PackageCache/com.unity.xr.oculus@1.6.1/Runtime/OculusLoader.cs Line: 242)

Mono: successfully reloaded assembly
- Completed reload, in  1.105 seconds
Platform modules already initialized, skipping
Refreshing native plugins compatible for Editor in 0.78 ms, found 9 plugins.
Preloading 2 native plugins for Editor in 0.18 ms.
Unloading 1754 Unused Serialized files (Serialized files now loaded: 0)
System memory in use before: 83.8 MB.
System memory in use after: 83.9 MB.

Unloading 8 unused Assets to reduce memory usage. Loaded Objects now: 2313.
Total: 2.403900 ms (FindLiveObjects: 0.307800 ms CreateObjectMapping: 0.063700 ms MarkObjects: 1.916600 ms  DeleteObjects: 0.114800 ms)

========================================================================
Received Prepare
Registering precompiled user dll's ...
Registered in 0.009993 seconds.
Begin MonoManager ReloadAssembly
Native extension for WindowsStandalone target not found
Refreshing native plugins compatible for Editor in 0.91 ms, found 9 plugins.
Preloading 2 native plugins for Editor in 0.22 ms.
Invoked RoslynAnalysisRunner static constructor.
RoslynAnalysisRunner will not be running.
RoslynAnalysisRunner has terminated.
NullReferenceException: Object reference not set to an instance of an object
  at Unity.XR.Oculus.OculusLoader.AssetPathToAbsolutePath (System.String assetPath) [0x00048] in C:\Users\daysf\OneDrive\Documenten\GitHub\INOUT\INOUT\Library\PackageCache\com.unity.xr.oculus@1.6.1\Runtime\OculusLoader.cs:242 
  at Unity.XR.Oculus.OculusLoader.EditorLoadOVRPlugin () [0x0007b] in C:\Users\daysf\OneDrive\Documenten\GitHub\INOUT\INOUT\Library\PackageCache\com.unity.xr.oculus@1.6.1\Runtime\OculusLoader.cs:227 

(Filename: Library/PackageCache/com.unity.xr.oculus@1.6.1/Runtime/OculusLoader.cs Line: 242)

Mono: successfully reloaded assembly
- Completed reload, in  1.063 seconds
Platform modules already initialized, skipping
Refreshing native plugins compatible for Editor in 0.59 ms, found 9 plugins.
Preloading 2 native plugins for Editor in 0.20 ms.
Unloading 1754 Unused Serialized files (Serialized files now loaded: 0)
System memory in use before: 83.9 MB.
System memory in use after: 84.0 MB.

Unloading 8 unused Assets to reduce memory usage. Loaded Objects now: 2316.
Total: 3.910000 ms (FindLiveObjects: 0.404300 ms CreateObjectMapping: 0.217000 ms MarkObjects: 3.192600 ms  DeleteObjects: 0.094600 ms)

========================================================================
Received Prepare
Registering precompiled user dll's ...
Registered in 0.008285 seconds.
Begin MonoManager ReloadAssembly
Native extension for WindowsStandalone target not found
Refreshing native plugins compatible for Editor in 0.76 ms, found 9 plugins.
Preloading 2 native plugins for Editor in 0.30 ms.
Invoked RoslynAnalysisRunner static constructor.
RoslynAnalysisRunner will not be running.
RoslynAnalysisRunner has terminated.
NullReferenceException: Object reference not set to an instance of an object
  at Unity.XR.Oculus.OculusLoader.AssetPathToAbsolutePath (System.String assetPath) [0x00048] in C:\Users\daysf\OneDrive\Documenten\GitHub\INOUT\INOUT\Library\PackageCache\com.unity.xr.oculus@1.6.1\Runtime\OculusLoader.cs:242 
  at Unity.XR.Oculus.OculusLoader.EditorLoadOVRPlugin () [0x0007b] in C:\Users\daysf\OneDrive\Documenten\GitHub\INOUT\INOUT\Library\PackageCache\com.unity.xr.oculus@1.6.1\Runtime\OculusLoader.cs:227 

(Filename: Library/PackageCache/com.unity.xr.oculus@1.6.1/Runtime/OculusLoader.cs Line: 242)

Mono: successfully reloaded assembly
- Completed reload, in  1.240 seconds
Platform modules already initialized, skipping
Refreshing native plugins compatible for Editor in 0.74 ms, found 9 plugins.
Preloading 2 native plugins for Editor in 0.16 ms.
Unloading 1754 Unused Serialized files (Serialized files now loaded: 0)
System memory in use before: 84.1 MB.
System memory in use after: 84.2 MB.

Unloading 8 unused Assets to reduce memory usage. Loaded Objects now: 2319.
Total: 2.743500 ms (FindLiveObjects: 0.285000 ms CreateObjectMapping: 0.072400 ms MarkObjects: 2.291100 ms  DeleteObjects: 0.093100 ms)

========================================================================
Received Prepare
Registering precompiled user dll's ...
Registered in 0.006260 seconds.
Begin MonoManager ReloadAssembly
Native extension for WindowsStandalone target not found
Refreshing native plugins compatible for Editor in 0.68 ms, found 9 plugins.
Preloading 2 native plugins for Editor in 0.33 ms.
Invoked RoslynAnalysisRunner static constructor.
RoslynAnalysisRunner will not be running.
RoslynAnalysisRunner has terminated.
NullReferenceException: Object reference not set to an instance of an object
  at Unity.XR.Oculus.OculusLoader.AssetPathToAbsolutePath (System.String assetPath) [0x00048] in C:\Users\daysf\OneDrive\Documenten\GitHub\INOUT\INOUT\Library\PackageCache\com.unity.xr.oculus@1.6.1\Runtime\OculusLoader.cs:242 
  at Unity.XR.Oculus.OculusLoader.EditorLoadOVRPlugin () [0x0007b] in C:\Users\daysf\OneDrive\Documenten\GitHub\INOUT\INOUT\Library\PackageCache\com.unity.xr.oculus@1.6.1\Runtime\OculusLoader.cs:227 

(Filename: Library/PackageCache/com.unity.xr.oculus@1.6.1/Runtime/OculusLoader.cs Line: 242)

Mono: successfully reloaded assembly
- Completed reload, in  1.220 seconds
Platform modules already initialized, skipping
Refreshing native plugins compatible for Editor in 0.59 ms, found 9 plugins.
Preloading 2 native plugins for Editor in 0.24 ms.
Unloading 1754 Unused Serialized files (Serialized files now loaded: 0)
System memory in use before: 84.3 MB.
System memory in use after: 84.4 MB.

Unloading 8 unused Assets to reduce memory usage. Loaded Objects now: 2322.
Total: 2.814100 ms (FindLiveObjects: 0.476200 ms CreateObjectMapping: 0.184500 ms MarkObjects: 2.028000 ms  DeleteObjects: 0.123900 ms)

========================================================================
Received Prepare
Registering precompiled user dll's ...
Registered in 0.008413 seconds.
Begin MonoManager ReloadAssembly
Native extension for WindowsStandalone target not found
Refreshing native plugins compatible for Editor in 0.92 ms, found 9 plugins.
Preloading 2 native plugins for Editor in 0.22 ms.
Invoked RoslynAnalysisRunner static constructor.
RoslynAnalysisRunner will not be running.
RoslynAnalysisRunner has terminated.
NullReferenceException: Object reference not set to an instance of an object
  at Unity.XR.Oculus.OculusLoader.AssetPathToAbsolutePath (System.String assetPath) [0x00048] in C:\Users\daysf\OneDrive\Documenten\GitHub\INOUT\INOUT\Library\PackageCache\com.unity.xr.oculus@1.6.1\Runtime\OculusLoader.cs:242 
  at Unity.XR.Oculus.OculusLoader.EditorLoadOVRPlugin () [0x0007b] in C:\Users\daysf\OneDrive\Documenten\GitHub\INOUT\INOUT\Library\PackageCache\com.unity.xr.oculus@1.6.1\Runtime\OculusLoader.cs:227 

(Filename: Library/PackageCache/com.unity.xr.oculus@1.6.1/Runtime/OculusLoader.cs Line: 242)

Mono: successfully reloaded assembly
- Completed reload, in  1.160 seconds
Platform modules already initialized, skipping
Refreshing native plugins compatible for Editor in 1.06 ms, found 9 plugins.
Preloading 2 native plugins for Editor in 0.15 ms.
Unloading 1754 Unused Serialized files (Serialized files now loaded: 0)
System memory in use before: 84.5 MB.
System memory in use after: 84.6 MB.

Unloading 8 unused Assets to reduce memory usage. Loaded Objects now: 2325.
Total: 4.114000 ms (FindLiveObjects: 0.484500 ms CreateObjectMapping: 0.152600 ms MarkObjects: 3.365900 ms  DeleteObjects: 0.109100 ms)

========================================================================
Received Import Request.
  Time since last request: 939.997966 seconds.
  path: Assets/Scenes/LightSwitch.unity
  artifactKey: Guid(18d398b2457cd8f4fbea762c0dccaa42) Importer(815301076,1909f56bfc062723c751e8b465ee728b)
Start importing Assets/Scenes/LightSwitch.unity using Guid(18d398b2457cd8f4fbea762c0dccaa42) Importer(815301076,1909f56bfc062723c751e8b465ee728b)  -> (artifact id: '38461a9dd8263125e7593cf055d2d2f1') in 0.020102 seconds
  Import took 0.024914 seconds .

AssetImportWorkerClient::OnTransportError - code=2 error=End of file
